<?xml version="1.0" encoding="UTF-8"?><testsuite name="nosetests" tests="7" errors="0" failures="0" skip="0"><testcase classname="test_nodes.BankAccountTest" name="test_construct" time="0.001"></testcase><testcase classname="test_nodes.BankAccountTest" name="test_deposit" time="0.000"></testcase><testcase classname="test_nodes.BankAccountTest" name="test_get_balance" time="0.000"></testcase><testcase classname="test_nodes.BankAccountTest" name="test_withdraw" time="0.000"></testcase><testcase classname="test_unittest.TestSequenceFunctions" name="test_choice" time="0.000"></testcase><testcase classname="test_unittest.TestSequenceFunctions" name="test_sample" time="0.000"></testcase><testcase classname="test_unittest.TestSequenceFunctions" name="test_shuffle" time="0.000"></testcase></testsuite>